<?xml version="1.0" encoding="UTF-8"?>
<!-- Generated by org.testng.reporters.JUnitReportReporter -->
<testsuite skipped="0" hostname="JAYALAKSHMI" name="UpskillsRestapi.Restapi" tests="9" failures="0" timestamp="2022-12-15T12:57:39 IST" time="10.471" errors="0">
  <testcase name="getaccesstoken" time="5.383" classname="UpskillsRestapi.Restapi"/>
  <system-out/>
  <testcase name="register" time="0.914" classname="UpskillsRestapi.Restapi"/>
  <system-out/>
  <testcase name="login" time="0.560" classname="UpskillsRestapi.Restapi"/>
  <system-out/>
  <testcase name="logout" time="0.661" classname="UpskillsRestapi.Restapi"/>
  <system-out/>
  <testcase name="forgotpassword" time="0.676" classname="UpskillsRestapi.Restapi"/>
  <system-out/>
  <testcase name="login1" time="0.542" classname="UpskillsRestapi.Restapi"/>
  <system-out/>
  <testcase name="getaccountdetails" time="0.674" classname="UpskillsRestapi.Restapi"/>
  <system-out/>
  <testcase name="updateaccountdata" time="0.539" classname="UpskillsRestapi.Restapi"/>
  <system-out/>
  <testcase name="logout1" time="0.522" classname="UpskillsRestapi.Restapi"/>
  <system-out/>
</testsuite> <!-- UpskillsRestapi.Restapi -->
